f:\users\steven\desktop\gam1547_s4_ica10_part2_tomlinson_steven\rhythm game\rhythm game\debug\vc140.pdb
f:\users\steven\desktop\gam1547_s4_ica10_part2_tomlinson_steven\rhythm game\rhythm game\debug\vc140.idb
f:\users\steven\desktop\gam1547_s4_ica10_part2_tomlinson_steven\rhythm game\rhythm game\debug\animatedsprite.obj
f:\users\steven\desktop\gam1547_s4_ica10_part2_tomlinson_steven\rhythm game\rhythm game\debug\helpers.obj
f:\users\steven\desktop\gam1547_s4_ica10_part2_tomlinson_steven\rhythm game\rhythm game\debug\hitglow.obj
f:\users\steven\desktop\gam1547_s4_ica10_part2_tomlinson_steven\rhythm game\rhythm game\debug\hitline.obj
f:\users\steven\desktop\gam1547_s4_ica10_part2_tomlinson_steven\rhythm game\rhythm game\debug\leaderboard.obj
f:\users\steven\desktop\gam1547_s4_ica10_part2_tomlinson_steven\rhythm game\rhythm game\debug\menuitem.obj
f:\users\steven\desktop\gam1547_s4_ica10_part2_tomlinson_steven\rhythm game\rhythm game\debug\note.obj
f:\users\steven\desktop\gam1547_s4_ica10_part2_tomlinson_steven\rhythm game\rhythm game\debug\notebreak.obj
f:\users\steven\desktop\gam1547_s4_ica10_part2_tomlinson_steven\rhythm game\rhythm game\debug\notemiss.obj
f:\users\steven\desktop\gam1547_s4_ica10_part2_tomlinson_steven\rhythm game\rhythm game\debug\pausescreen.obj
f:\users\steven\desktop\gam1547_s4_ica10_part2_tomlinson_steven\rhythm game\rhythm game\debug\ready.obj
f:\users\steven\desktop\gam1547_s4_ica10_part2_tomlinson_steven\rhythm game\rhythm game\debug\resultsscreen.obj
f:\users\steven\desktop\gam1547_s4_ica10_part2_tomlinson_steven\rhythm game\rhythm game\debug\scene.obj
f:\users\steven\desktop\gam1547_s4_ica10_part2_tomlinson_steven\rhythm game\rhythm game\debug\scoretracker.obj
f:\users\steven\desktop\gam1547_s4_ica10_part2_tomlinson_steven\rhythm game\rhythm game\debug\selectionbox.obj
f:\users\steven\desktop\gam1547_s4_ica10_part2_tomlinson_steven\rhythm game\rhythm game\debug\shape.obj
f:\users\steven\desktop\gam1547_s4_ica10_part2_tomlinson_steven\rhythm game\rhythm game\debug\sprite.obj
f:\users\steven\desktop\gam1547_s4_ica10_part2_tomlinson_steven\rhythm game\rhythm game\debug\square.obj
f:\users\steven\desktop\gam1547_s4_ica10_part2_tomlinson_steven\rhythm game\rhythm game\debug\winmain.obj
f:\users\steven\desktop\gam1547_s4_ica10_part2_tomlinson_steven\rhythm game\debug\rhythm game.ilk
f:\users\steven\desktop\gam1547_s4_ica10_part2_tomlinson_steven\rhythm game\debug\rhythm game.exe
f:\users\steven\desktop\gam1547_s4_ica10_part2_tomlinson_steven\rhythm game\debug\rhythm game.pdb
f:\users\steven\desktop\gam1547_s4_ica10_part2_tomlinson_steven\rhythm game\rhythm game\debug\rhythm game.tlog\cl.command.1.tlog
f:\users\steven\desktop\gam1547_s4_ica10_part2_tomlinson_steven\rhythm game\rhythm game\debug\rhythm game.tlog\cl.read.1.tlog
f:\users\steven\desktop\gam1547_s4_ica10_part2_tomlinson_steven\rhythm game\rhythm game\debug\rhythm game.tlog\cl.write.1.tlog
f:\users\steven\desktop\gam1547_s4_ica10_part2_tomlinson_steven\rhythm game\rhythm game\debug\rhythm game.tlog\link.command.1.tlog
f:\users\steven\desktop\gam1547_s4_ica10_part2_tomlinson_steven\rhythm game\rhythm game\debug\rhythm game.tlog\link.read.1.tlog
f:\users\steven\desktop\gam1547_s4_ica10_part2_tomlinson_steven\rhythm game\rhythm game\debug\rhythm game.tlog\link.write.1.tlog
