f:\users\steven\desktop\gam1547_s4_ica10_part2_tomlinson_steven\rhythm game\rhythm game\release\vc140.pdb
f:\users\steven\desktop\gam1547_s4_ica10_part2_tomlinson_steven\rhythm game\rhythm game\release\winmain.obj
f:\users\steven\desktop\gam1547_s4_ica10_part2_tomlinson_steven\rhythm game\rhythm game\release\square.obj
f:\users\steven\desktop\gam1547_s4_ica10_part2_tomlinson_steven\rhythm game\rhythm game\release\sprite.obj
f:\users\steven\desktop\gam1547_s4_ica10_part2_tomlinson_steven\rhythm game\rhythm game\release\shape.obj
f:\users\steven\desktop\gam1547_s4_ica10_part2_tomlinson_steven\rhythm game\rhythm game\release\selectionbox.obj
f:\users\steven\desktop\gam1547_s4_ica10_part2_tomlinson_steven\rhythm game\rhythm game\release\scoretracker.obj
f:\users\steven\desktop\gam1547_s4_ica10_part2_tomlinson_steven\rhythm game\rhythm game\release\scene.obj
f:\users\steven\desktop\gam1547_s4_ica10_part2_tomlinson_steven\rhythm game\rhythm game\release\resultsscreen.obj
f:\users\steven\desktop\gam1547_s4_ica10_part2_tomlinson_steven\rhythm game\rhythm game\release\ready.obj
f:\users\steven\desktop\gam1547_s4_ica10_part2_tomlinson_steven\rhythm game\rhythm game\release\pausescreen.obj
f:\users\steven\desktop\gam1547_s4_ica10_part2_tomlinson_steven\rhythm game\rhythm game\release\notemiss.obj
f:\users\steven\desktop\gam1547_s4_ica10_part2_tomlinson_steven\rhythm game\rhythm game\release\notebreak.obj
f:\users\steven\desktop\gam1547_s4_ica10_part2_tomlinson_steven\rhythm game\rhythm game\release\note.obj
f:\users\steven\desktop\gam1547_s4_ica10_part2_tomlinson_steven\rhythm game\rhythm game\release\menuitem.obj
f:\users\steven\desktop\gam1547_s4_ica10_part2_tomlinson_steven\rhythm game\rhythm game\release\leaderboard.obj
f:\users\steven\desktop\gam1547_s4_ica10_part2_tomlinson_steven\rhythm game\rhythm game\release\hitline.obj
f:\users\steven\desktop\gam1547_s4_ica10_part2_tomlinson_steven\rhythm game\rhythm game\release\hitglow.obj
f:\users\steven\desktop\gam1547_s4_ica10_part2_tomlinson_steven\rhythm game\rhythm game\release\helpers.obj
f:\users\steven\desktop\gam1547_s4_ica10_part2_tomlinson_steven\rhythm game\rhythm game\release\animatedsprite.obj
f:\users\steven\desktop\gam1547_s4_ica10_part2_tomlinson_steven\rhythm game\release\rhythm game.exe
f:\users\steven\desktop\gam1547_s4_ica10_part2_tomlinson_steven\rhythm game\release\rhythm game.ipdb
f:\users\steven\desktop\gam1547_s4_ica10_part2_tomlinson_steven\rhythm game\release\rhythm game.iobj
f:\users\steven\desktop\gam1547_s4_ica10_part2_tomlinson_steven\rhythm game\release\rhythm game.pdb
c:\users\toml0046\desktop\gam1547_s4_ica10_part2_tomlinson_steven\rhythm game\rhythm game\release\animatedsprite.obj
c:\users\toml0046\desktop\gam1547_s4_ica10_part2_tomlinson_steven\rhythm game\rhythm game\release\helpers.obj
c:\users\toml0046\desktop\gam1547_s4_ica10_part2_tomlinson_steven\rhythm game\rhythm game\release\hitglow.obj
c:\users\toml0046\desktop\gam1547_s4_ica10_part2_tomlinson_steven\rhythm game\rhythm game\release\hitline.obj
c:\users\toml0046\desktop\gam1547_s4_ica10_part2_tomlinson_steven\rhythm game\rhythm game\release\leaderboard.obj
c:\users\toml0046\desktop\gam1547_s4_ica10_part2_tomlinson_steven\rhythm game\rhythm game\release\menuitem.obj
c:\users\toml0046\desktop\gam1547_s4_ica10_part2_tomlinson_steven\rhythm game\rhythm game\release\note.obj
c:\users\toml0046\desktop\gam1547_s4_ica10_part2_tomlinson_steven\rhythm game\rhythm game\release\notebreak.obj
c:\users\toml0046\desktop\gam1547_s4_ica10_part2_tomlinson_steven\rhythm game\rhythm game\release\notemiss.obj
c:\users\toml0046\desktop\gam1547_s4_ica10_part2_tomlinson_steven\rhythm game\rhythm game\release\pausescreen.obj
c:\users\toml0046\desktop\gam1547_s4_ica10_part2_tomlinson_steven\rhythm game\rhythm game\release\ready.obj
c:\users\toml0046\desktop\gam1547_s4_ica10_part2_tomlinson_steven\rhythm game\rhythm game\release\resultsscreen.obj
c:\users\toml0046\desktop\gam1547_s4_ica10_part2_tomlinson_steven\rhythm game\rhythm game\release\scene.obj
c:\users\toml0046\desktop\gam1547_s4_ica10_part2_tomlinson_steven\rhythm game\rhythm game\release\scoretracker.obj
c:\users\toml0046\desktop\gam1547_s4_ica10_part2_tomlinson_steven\rhythm game\rhythm game\release\selectionbox.obj
c:\users\toml0046\desktop\gam1547_s4_ica10_part2_tomlinson_steven\rhythm game\rhythm game\release\shape.obj
c:\users\toml0046\desktop\gam1547_s4_ica10_part2_tomlinson_steven\rhythm game\rhythm game\release\sprite.obj
c:\users\toml0046\desktop\gam1547_s4_ica10_part2_tomlinson_steven\rhythm game\rhythm game\release\square.obj
c:\users\toml0046\desktop\gam1547_s4_ica10_part2_tomlinson_steven\rhythm game\rhythm game\release\winmain.obj
c:\users\toml0046\desktop\gam1547_s4_ica10_part2_tomlinson_steven\rhythm game\rhythm game\release\vc140.pdb
c:\users\toml0046\desktop\gam1547_s4_ica10_part2_tomlinson_steven\rhythm game\release\rhythm game.pdb
c:\users\toml0046\desktop\gam1547_s4_ica10_part2_tomlinson_steven\rhythm game\release\rhythm game.exe
c:\users\toml0046\desktop\gam1547_s4_ica10_part2_tomlinson_steven\rhythm game\rhythm game\release\rhythm game.tlog\cl.command.1.tlog
c:\users\toml0046\desktop\gam1547_s4_ica10_part2_tomlinson_steven\rhythm game\rhythm game\release\rhythm game.tlog\cl.read.1.tlog
c:\users\toml0046\desktop\gam1547_s4_ica10_part2_tomlinson_steven\rhythm game\rhythm game\release\rhythm game.tlog\cl.write.1.tlog
c:\users\toml0046\desktop\gam1547_s4_ica10_part2_tomlinson_steven\rhythm game\rhythm game\release\rhythm game.tlog\link.command.1.tlog
c:\users\toml0046\desktop\gam1547_s4_ica10_part2_tomlinson_steven\rhythm game\rhythm game\release\rhythm game.tlog\link.read.1.tlog
c:\users\toml0046\desktop\gam1547_s4_ica10_part2_tomlinson_steven\rhythm game\rhythm game\release\rhythm game.tlog\link.write.1.tlog
